<component name="libraryTable">
  <library name="junit-jupiter-api-5.8.0-M1">
    <CLASSES>
      <root url="jar://D:/Programming stuff/selenium stuff/jars/junit-jupiter-api-5.8.0-M1.jar!/" />
    </CLASSES>
    <JAVADOC />
    <SOURCES />
  </library>
</component>